Arguments: 
  /usr/local/bin/node /usr/local/Cellar/yarn/1.21.1/libexec/bin/yarn.js

PATH: 
  /Users/nomanismaeel/.npm-packages/bin:/usr/local/bin:/usr/bin:/bin:/usr/sbin:/sbin:/usr/local/MacGPG2/bin:/Users/nomanismaeel/.npm-packages/bin:/Users/nomanismaeel/Library/Android/sdk/tools:/Users/nomanismaeel/Library/Android/sdk/platform-tools:/Users/nomanismaeel/Library/Android/sdk/tools:/Users/nomanismaeel/Library/Android/sdk/platform-tools

Yarn version: 
  1.21.1

Node version: 
  12.15.0

Platform: 
  darwin x64

Trace: 
  Error: getaddrinfo ENOTFOUND registry.npmjs.org
      at GetAddrInfoReqWrap.onlookup [as oncomplete] (dns.js:60:26)

npm manifest: 
  {
    "name": "create-expo-library",
    "version": "1.0.0",
    "description": "",
    "main": "build/index.js",
    "bin": {
      "tebuilder": "bin/create-expo-library.js"
    },
    "publishConfig": {
      "access": "public"
    },
    "scripts": {
      "link": "yarn link",
      "unlink": "yarn unlink",
      "build": "cross-env NODE_ENV=stage babel src --out-dir dist --copy-files --include-dotfiles --presets=@babel/preset-react,@babel/preset-env --plugins=@babel/proposal-class-properties,@babel/plugin-transform-react-jsx,@babel/plugin-transform-runtime,babel-plugin-transform-node-env-inline",
      "build:watch": "cross-env NODE_ENV=stage babel --watch src --out-dir dist --copy-files --include-dotfiles --presets=@babel/preset-react,@babel/preset-env --plugins=@babel/proposal-class-properties,@babel/plugin-transform-react-jsx,@babel/plugin-transform-runtime,babel-plugin-transform-node-env-inline",
      "test": "mocha ./test/src/* --recursive --require @babel/register",
      "coverage": "nyc mocha ./test/src/* --recursive --require @babel/register"
    },
    "dependencies": {
      "@babel/register": "^7.9.0",
      "@babel/runtime": "^7.8.4",
      "arg": "^4.1.1",
      "axios": "^0.19.0",
      "chai": "^4.2.0",
      "chalk": "^4.0.0",
      "cli-box": "^6.0.9",
      "cli-progress": "^3.6.0",
      "commander": "^5.1.0",
      "dirty-chai": "^2.0.1",
      "esm": "^3.2.25",
      "fs-extra": "^9.0.0",
      "lodash": "^4.17.15",
      "mocha": "^7.1.1",
      "moment": "^2.24.0",
      "nyc": "^15.0.1"
    },
    "devDependencies": {
      "@babel/cli": "^7.8.4",
      "@babel/core": "^7.8.4",
      "@babel/plugin-proposal-class-properties": "^7.8.3",
      "@babel/plugin-transform-runtime": "^7.8.3",
      "@babel/preset-env": "^7.8.4",
      "@babel/preset-react": "^7.8.3",
      "babel-plugin-transform-inline-environment-variables": "^0.4.3",
      "babel-plugin-transform-node-env-inline": "^0.4.3",
      "cross-env": "^7.0.0"
    },
    "repository": {
      "type": "git",
      "url": "git+https://github.com/nomi9995/create-expo-library.git"
    },
    "keywords": [
      "expo",
      "libarary"
    ],
    "author": "numan",
    "license": "ISC",
    "bugs": {
      "url": "https://github.com/nomi9995/create-expo-library/issues"
    },
    "homepage": "https://github.com/nomi9995/create-expo-library#readme"
  }

yarn manifest: 
  No manifest

Lockfile: 
  No lockfile
